0 info it worked if it ends with ok
1 verbose cli [ 'D:\\Program Files\\nodejs\\node.exe',
1 verbose cli   'D:\\Program Files\\nodejs\\node_modules\\npm\\bin\\npm-cli.js',
1 verbose cli   'run',
1 verbose cli   'server' ]
2 info using npm@3.3.12
3 info using node@v5.5.0
4 verbose run-script [ 'preserver', 'server', 'postserver' ]
5 info lifecycle wejs@0.1.0~preserver: wejs@0.1.0
6 silly lifecycle wejs@0.1.0~preserver: no script for preserver, continuing
7 info lifecycle wejs@0.1.0~server: wejs@0.1.0
8 verbose lifecycle wejs@0.1.0~server: unsafe-perm in lifecycle true
9 verbose lifecycle wejs@0.1.0~server: PATH: D:\Program Files\nodejs\node_modules\npm\bin\node-gyp-bin;E:\projects\proj_wejs\wejs\node_modules\.bin;D:\MyConfiguration\dh2997\bin;D:\Program Files\Git\mingw64\bin;D:\Program Files\Git\usr\local\bin;D:\Program Files\Git\usr\bin;D:\Program Files\Git\usr\bin;D:\Program Files\Git\mingw64\bin;D:\Program Files\Git\usr\bin;C:\windows\system32;C:\windows;C:\windows\System32\Wbem;C:\windows\System32\WindowsPowerShell\v1.0;C:\Program Files (x86)\Microsoft SQL Server\100\Tools\Binn;C:\Program Files\Microsoft SQL Server\100\Tools\Binn;C:\Program Files\Microsoft SQL Server\100\DTS\Binn;C:\Program Files (x86)\Microsoft SQL Server\100\Tools\Binn\VSShell\Common7\IDE;C:\Program Files (x86)\Microsoft Visual Studio 9.0\Common7\IDE\PrivateAssemblies;C:\Program Files (x86)\Microsoft SQL Server\100\DTS\Binn;C:\Program Files\Microsoft\Web Platform Installer;C:\Program Files (x86)\Microsoft ASP.NET\ASP.NET Web Pages\v1.0;C:\Program Files\Microsoft SQL Server\110\Tools\Binn;D:\Program Files\nodejs;D:\MyConfiguration\dh2997\AppData\Roaming\npm;D:\Program Files\Git\usr\bin\vendor_perl;D:\Program Files\Git\usr\bin\core_perl
10 verbose lifecycle wejs@0.1.0~server: CWD: E:\projects\proj_wejs\wejs
11 silly lifecycle wejs@0.1.0~server: Args: [ '/d /s /c', 'babel-node server.js' ]
12 silly lifecycle wejs@0.1.0~server: Returned: code: 1  signal: null
13 info lifecycle wejs@0.1.0~server: Failed to exec server script
14 verbose stack Error: wejs@0.1.0 server: `babel-node server.js`
14 verbose stack Exit status 1
14 verbose stack     at EventEmitter.<anonymous> (D:\Program Files\nodejs\node_modules\npm\lib\utils\lifecycle.js:232:16)
14 verbose stack     at emitTwo (events.js:100:13)
14 verbose stack     at EventEmitter.emit (events.js:185:7)
14 verbose stack     at ChildProcess.<anonymous> (D:\Program Files\nodejs\node_modules\npm\lib\utils\spawn.js:24:14)
14 verbose stack     at emitTwo (events.js:100:13)
14 verbose stack     at ChildProcess.emit (events.js:185:7)
14 verbose stack     at maybeClose (internal/child_process.js:821:16)
14 verbose stack     at Process.ChildProcess._handle.onexit (internal/child_process.js:211:5)
15 verbose pkgid wejs@0.1.0
16 verbose cwd E:\projects\proj_wejs\wejs
17 error Windows_NT 6.1.7601
18 error argv "D:\\Program Files\\nodejs\\node.exe" "D:\\Program Files\\nodejs\\node_modules\\npm\\bin\\npm-cli.js" "run" "server"
19 error node v5.5.0
20 error npm  v3.3.12
21 error code ELIFECYCLE
22 error wejs@0.1.0 server: `babel-node server.js`
22 error Exit status 1
23 error Failed at the wejs@0.1.0 server script 'babel-node server.js'.
23 error Make sure you have the latest version of node.js and npm installed.
23 error If you do, this is most likely a problem with the wejs package,
23 error not with npm itself.
23 error Tell the author that this fails on your system:
23 error     babel-node server.js
23 error You can get their info via:
23 error     npm owner ls wejs
23 error There is likely additional logging output above.
24 verbose exit [ 1, true ]
